TeamCode/build/outputs/logs/manifest-merger-debug-report.txt
-- Merging decision tree log ---
manifest
ADDED from src\main\AndroidManifest.xml:8:1-12:12
	package
		ADDED from src\main\AndroidManifest.xml:9:5-45
		INJECTED from src\main\AndroidManifest.xml
		INJECTED from src\main\AndroidManifest.xml
	android:versionName
		INJECTED from src\main\AndroidManifest.xml
		INJECTED from src\main\AndroidManifest.xml
	xmlns:android
		ADDED from src\main\AndroidManifest.xml:10:5-63
	android:versionCode
		INJECTED from src\main\AndroidManifest.xml
		INJECTED from src\main\AndroidManifest.xml
application
ADDED from src\main\AndroidManifest.xml:11:5-19
MERGED from [ftc_app2.4:FtcRobotController:unspecified] AndroidManifest.xml:12:5-40:19
MERGED from [:Inspection-release:] AndroidManifest.xml:19:5-46:19
MERGED from [:Blocks-release:] AndroidManifest.xml:18:5-49:19
MERGED from [:RobotCore-release:] AndroidManifest.xml:61:5-93
MERGED from [:FtcCommon-release:] AndroidManifest.xml:22:5-181:19
MERGED from [:Analytics-release:] AndroidManifest.xml:19:5-24:19
	android:label
		ADDED from [ftc_app2.4:FtcRobotController:unspecified] AndroidManifest.xml:15:9-41
	android:exported
		ADDED from [:Analytics-release:] AndroidManifest.xml:21:9-32
	android:allowBackup
		ADDED from [ftc_app2.4:FtcRobotController:unspecified] AndroidManifest.xml:13:9-35
	android:icon
		ADDED from [ftc_app2.4:FtcRobotController:unspecified] AndroidManifest.xml:14:9-45
	android:largeHeap
		ADDED from [ftc_app2.4:FtcRobotController:unspecified] AndroidManifest.xml:16:9-33
	android:theme
		ADDED from [ftc_app2.4:FtcRobotController:unspecified] AndroidManifest.xml:17:9-40
	android:name
		ADDED from [:RobotCore-release:] AndroidManifest.xml:61:18-90
uses-sdk
INJECTED from src\main\AndroidManifest.xml reason: use-sdk injection requested
MERGED from [ftc_app2.4:FtcRobotController:unspecified] AndroidManifest.xml:8:5-10:41
MERGED from [:Inspection-release:] AndroidManifest.xml:7:5-9:41
MERGED from [:Blocks-release:] AndroidManifest.xml:7:5-9:41
MERGED from [:RobotCore-release:] AndroidManifest.xml:5:5-7:41
MERGED from [:Hardware-release:] AndroidManifest.xml:5:5-7:41
MERGED from [:FtcCommon-release:] AndroidManifest.xml:8:5-10:41
MERGED from [:ModernRobotics-release:] AndroidManifest.xml:5:5-7:41
MERGED from [:Analytics-release:] AndroidManifest.xml:5:5-7:41
MERGED from [:WirelessP2p-release:] AndroidManifest.xml:5:5-7:41
	android:targetSdkVersion
		INJECTED from src\main\AndroidManifest.xml
		INJECTED from src\main\AndroidManifest.xml
	android:minSdkVersion
		INJECTED from src\main\AndroidManifest.xml
		INJECTED from src\main\AndroidManifest.xml
activity#org.firstinspires.ftc.robotcontroller.internal.FtcRobotControllerActivity
ADDED from [ftc_app2.4:FtcRobotController:unspecified] AndroidManifest.xml:18:9-35:20
	android:label
		ADDED from [ftc_app2.4:FtcRobotController:unspecified] AndroidManifest.xml:21:13-45
	android:launchMode
		ADDED from [ftc_app2.4:FtcRobotController:unspecified] AndroidManifest.xml:22:13-44
	android:configChanges
		ADDED from [ftc_app2.4:FtcRobotController:unspecified] AndroidManifest.xml:20:13-59
	android:name
		ADDED from [ftc_app2.4:FtcRobotController:unspecified] AndroidManifest.xml:19:13-101
intent-filter#android.intent.action.MAIN+android.intent.category.LAUNCHER
ADDED from [ftc_app2.4:FtcRobotController:unspecified] AndroidManifest.xml:23:13-27:29
action#android.intent.action.MAIN
ADDED from [ftc_app2.4:FtcRobotController:unspecified] AndroidManifest.xml:24:17-69
	android:name
		ADDED from [ftc_app2.4:FtcRobotController:unspecified] AndroidManifest.xml:24:25-66
category#android.intent.category.LAUNCHER
ADDED from [ftc_app2.4:FtcRobotController:unspecified] AndroidManifest.xml:26:17-77
	android:name
		ADDED from [ftc_app2.4:FtcRobotController:unspecified] AndroidManifest.xml:26:27-74
intent-filter#android.hardware.usb.action.USB_DEVICE_ATTACHED
ADDED from [ftc_app2.4:FtcRobotController:unspecified] AndroidManifest.xml:28:13-30:29
action#android.hardware.usb.action.USB_DEVICE_ATTACHED
ADDED from [ftc_app2.4:FtcRobotController:unspecified] AndroidManifest.xml:29:17-90
	android:name
		ADDED from [ftc_app2.4:FtcRobotController:unspecified] AndroidManifest.xml:29:25-87
meta-data#android.hardware.usb.action.USB_DEVICE_ATTACHED
ADDED from [ftc_app2.4:FtcRobotController:unspecified] AndroidManifest.xml:32:13-34:57
	android:resource
		ADDED from [ftc_app2.4:FtcRobotController:unspecified] AndroidManifest.xml:34:17-54
	android:name
		ADDED from [ftc_app2.4:FtcRobotController:unspecified] AndroidManifest.xml:33:17-79
service#com.qualcomm.ftccommon.FtcRobotControllerService
ADDED from [ftc_app2.4:FtcRobotController:unspecified] AndroidManifest.xml:37:9-39:38
	android:enabled
		ADDED from [ftc_app2.4:FtcRobotController:unspecified] AndroidManifest.xml:39:13-35
	android:name
		ADDED from [ftc_app2.4:FtcRobotController:unspecified] AndroidManifest.xml:38:13-76
uses-permission#android.permission.ACCESS_WIFI_STATE
ADDED from [:Inspection-release:] AndroidManifest.xml:11:5-76
MERGED from [:RobotCore-release:] AndroidManifest.xml:9:5-11:35
	android:required
		ADDED from [:RobotCore-release:] AndroidManifest.xml:11:9-32
	android:name
		ADDED from [:Inspection-release:] AndroidManifest.xml:11:22-73
uses-permission#android.permission.BLUETOOTH_ADMIN
ADDED from [:Inspection-release:] AndroidManifest.xml:12:5-74
	android:name
		ADDED from [:Inspection-release:] AndroidManifest.xml:12:22-71
uses-permission#android.permission.CHANGE_WIFI_STATE
ADDED from [:Inspection-release:] AndroidManifest.xml:13:5-76
MERGED from [:RobotCore-release:] AndroidManifest.xml:12:5-14:35
MERGED from [:WirelessP2p-release:] AndroidManifest.xml:9:5-76
	android:required
		ADDED from [:RobotCore-release:] AndroidManifest.xml:14:9-32
	android:name
		ADDED from [:Inspection-release:] AndroidManifest.xml:13:22-73
uses-permission#android.permission.CHANGE_NETWORK_STATE
ADDED from [:Inspection-release:] AndroidManifest.xml:14:5-79
MERGED from [:RobotCore-release:] AndroidManifest.xml:18:5-20:35
	android:required
		ADDED from [:RobotCore-release:] AndroidManifest.xml:20:9-32
	android:name
		ADDED from [:Inspection-release:] AndroidManifest.xml:14:22-76
uses-permission#android.permission.INTERNET
ADDED from [:Inspection-release:] AndroidManifest.xml:15:5-67
MERGED from [:RobotCore-release:] AndroidManifest.xml:21:5-23:35
MERGED from [:Analytics-release:] AndroidManifest.xml:12:5-14:35
	android:required
		ADDED from [:RobotCore-release:] AndroidManifest.xml:23:9-32
	android:name
		ADDED from [:Inspection-release:] AndroidManifest.xml:15:22-64
uses-permission#android.permission.ACCESS_NETWORK_STATE
ADDED from [:Inspection-release:] AndroidManifest.xml:16:5-79
MERGED from [:RobotCore-release:] AndroidManifest.xml:15:5-17:35
MERGED from [:Analytics-release:] AndroidManifest.xml:15:5-17:35
	android:required
		ADDED from [:RobotCore-release:] AndroidManifest.xml:17:9-32
	android:name
		ADDED from [:Inspection-release:] AndroidManifest.xml:16:22-76
uses-permission#android.permission.BLUETOOTH
ADDED from [:Inspection-release:] AndroidManifest.xml:17:5-68
	android:name
		ADDED from [:Inspection-release:] AndroidManifest.xml:17:22-65
activity#org.firstinspires.inspection.DsInspectionActivity
ADDED from [:Inspection-release:] AndroidManifest.xml:20:9-29:20
	android:label
		ADDED from [:Inspection-release:] AndroidManifest.xml:23:13-56
	android:configChanges
		ADDED from [:Inspection-release:] AndroidManifest.xml:22:13-59
	android:name
		ADDED from [:Inspection-release:] AndroidManifest.xml:21:13-77
intent-filter#android.intent.category.DEFAULT+org.firstinspires.inspection.DsInspectionActivity.intent.action.Launch
ADDED from [:Inspection-release:] AndroidManifest.xml:24:13-28:29
action#org.firstinspires.inspection.DsInspectionActivity.intent.action.Launch
ADDED from [:Inspection-release:] AndroidManifest.xml:25:17-113
	android:name
		ADDED from [:Inspection-release:] AndroidManifest.xml:25:25-110
category#android.intent.category.DEFAULT
ADDED from [:Inspection-release:] AndroidManifest.xml:27:17-76
	android:name
		ADDED from [:Inspection-release:] AndroidManifest.xml:27:27-73
activity#org.firstinspires.inspection.RcInspectionActivity
ADDED from [:Inspection-release:] AndroidManifest.xml:30:9-39:20
	android:label
		ADDED from [:Inspection-release:] AndroidManifest.xml:33:13-56
	android:configChanges
		ADDED from [:Inspection-release:] AndroidManifest.xml:32:13-59
	android:name
		ADDED from [:Inspection-release:] AndroidManifest.xml:31:13-77
intent-filter#android.intent.category.DEFAULT+org.firstinspires.inspection.RcInspectionActivity.intent.action.Launch
ADDED from [:Inspection-release:] AndroidManifest.xml:34:13-38:29
action#org.firstinspires.inspection.RcInspectionActivity.intent.action.Launch
ADDED from [:Inspection-release:] AndroidManifest.xml:35:17-113
	android:name
		ADDED from [:Inspection-release:] AndroidManifest.xml:35:25-110
receiver#org.firstinspires.inspection.DeviceNameReceiver
ADDED from [:Inspection-release:] AndroidManifest.xml:41:9-45:20
	android:enabled
		ADDED from [:Inspection-release:] AndroidManifest.xml:43:13-35
	android:exported
		ADDED from [:Inspection-release:] AndroidManifest.xml:44:13-36
	android:name
		ADDED from [:Inspection-release:] AndroidManifest.xml:42:13-75
uses-permission#android.permission.WRITE_EXTERNAL_STORAGE
ADDED from [:Blocks-release:] AndroidManifest.xml:11:5-13:35
MERGED from [:RobotCore-release:] AndroidManifest.xml:24:5-26:35
MERGED from [:FtcCommon-release:] AndroidManifest.xml:12:5-14:35
MERGED from [:Analytics-release:] AndroidManifest.xml:9:5-11:35
	android:required
		ADDED from [:Blocks-release:] AndroidManifest.xml:13:9-32
	android:name
		ADDED from [:Blocks-release:] AndroidManifest.xml:12:9-65
uses-permission#android.permission.READ_EXTERNAL_STORAGE
ADDED from [:Blocks-release:] AndroidManifest.xml:14:5-16:35
MERGED from [:RobotCore-release:] AndroidManifest.xml:27:5-29:35
MERGED from [:FtcCommon-release:] AndroidManifest.xml:15:5-17:35
	android:required
		ADDED from [:Blocks-release:] AndroidManifest.xml:16:9-32
	android:name
		ADDED from [:Blocks-release:] AndroidManifest.xml:15:9-64
activity#com.google.blocks.ftcrobotcontroller.ProgrammingModeActivity
ADDED from [:Blocks-release:] AndroidManifest.xml:19:9-28:20
	android:label
		ADDED from [:Blocks-release:] AndroidManifest.xml:22:13-62
	android:configChanges
		ADDED from [:Blocks-release:] AndroidManifest.xml:21:13-59
	android:name
		ADDED from [:Blocks-release:] AndroidManifest.xml:20:13-88
intent-filter#android.intent.category.DEFAULT+com.google.blocks.ftcrobotcontroller.ProgrammingModeActivity.intent.action.Launch
ADDED from [:Blocks-release:] AndroidManifest.xml:23:13-27:29
action#com.google.blocks.ftcrobotcontroller.ProgrammingModeActivity.intent.action.Launch
ADDED from [:Blocks-release:] AndroidManifest.xml:24:17-124
	android:name
		ADDED from [:Blocks-release:] AndroidManifest.xml:24:25-121
activity#com.google.blocks.ftcdriverstation.RemoteProgrammingModeActivity
ADDED from [:Blocks-release:] AndroidManifest.xml:29:9-38:20
	android:label
		ADDED from [:Blocks-release:] AndroidManifest.xml:32:13-62
	android:configChanges
		ADDED from [:Blocks-release:] AndroidManifest.xml:31:13-59
	android:name
		ADDED from [:Blocks-release:] AndroidManifest.xml:30:13-92
intent-filter#android.intent.category.DEFAULT+com.google.blocks.ftcdriverstation.RemoteProgrammingModeActivity.intent.action.Launch
ADDED from [:Blocks-release:] AndroidManifest.xml:33:13-37:29
action#com.google.blocks.ftcdriverstation.RemoteProgrammingModeActivity.intent.action.Launch
ADDED from [:Blocks-release:] AndroidManifest.xml:34:17-128
	android:name
		ADDED from [:Blocks-release:] AndroidManifest.xml:34:25-125
activity#com.google.blocks.ftcrobotcontroller.BlocksActivity
ADDED from [:Blocks-release:] AndroidManifest.xml:39:9-48:20
	android:label
		ADDED from [:Blocks-release:] AndroidManifest.xml:42:13-52
	android:configChanges
		ADDED from [:Blocks-release:] AndroidManifest.xml:41:13-59
	android:name
		ADDED from [:Blocks-release:] AndroidManifest.xml:40:13-79
intent-filter#android.intent.category.DEFAULT+com.google.blocks.ftcrobotcontroller.BlocksActivity.intent.action.Launch
ADDED from [:Blocks-release:] AndroidManifest.xml:43:13-47:29
action#com.google.blocks.ftcrobotcontroller.BlocksActivity.intent.action.Launch
ADDED from [:Blocks-release:] AndroidManifest.xml:44:17-115
	android:name
		ADDED from [:Blocks-release:] AndroidManifest.xml:44:25-112
uses-permission#android.permission.WRITE_SETTINGS
ADDED from [:RobotCore-release:] AndroidManifest.xml:30:5-32:35
MERGED from [:FtcCommon-release:] AndroidManifest.xml:18:5-20:35
	android:required
		ADDED from [:RobotCore-release:] AndroidManifest.xml:32:9-32
	android:name
		ADDED from [:RobotCore-release:] AndroidManifest.xml:31:9-57
uses-permission#android.permission.WAKE_LOCK
ADDED from [:RobotCore-release:] AndroidManifest.xml:39:5-41:35
	android:required
		ADDED from [:RobotCore-release:] AndroidManifest.xml:41:9-32
	android:name
		ADDED from [:RobotCore-release:] AndroidManifest.xml:40:9-52
uses-permission#android.permission.CAMERA
ADDED from [:RobotCore-release:] AndroidManifest.xml:42:5-65
	android:name
		ADDED from [:RobotCore-release:] AndroidManifest.xml:42:22-62
uses-feature#android.hardware.usb.accessory
ADDED from [:RobotCore-release:] AndroidManifest.xml:44:5-67
	android:name
		ADDED from [:RobotCore-release:] AndroidManifest.xml:44:19-64
uses-feature#0x00020000
ADDED from [:RobotCore-release:] AndroidManifest.xml:45:5-54
	android:glEsVersion
		ADDED from [:RobotCore-release:] AndroidManifest.xml:45:19-51
uses-feature#android.hardware.camera
ADDED from [:RobotCore-release:] AndroidManifest.xml:59:5-60
	android:name
		ADDED from [:RobotCore-release:] AndroidManifest.xml:59:19-57
activity#com.qualcomm.ftccommon.FtcRobotControllerSettingsActivity
ADDED from [:FtcCommon-release:] AndroidManifest.xml:27:9-36:20
	android:label
		ADDED from [:FtcCommon-release:] AndroidManifest.xml:30:13-54
	android:exported
		ADDED from [:FtcCommon-release:] AndroidManifest.xml:29:13-36
	android:name
		ADDED from [:FtcCommon-release:] AndroidManifest.xml:28:13-85
intent-filter#android.intent.category.DEFAULT+com.qualcomm.ftccommon.FtcRobotControllerSettingsActivity.intent.action.Launch
ADDED from [:FtcCommon-release:] AndroidManifest.xml:31:13-35:29
action#com.qualcomm.ftccommon.FtcRobotControllerSettingsActivity.intent.action.Launch
ADDED from [:FtcCommon-release:] AndroidManifest.xml:32:17-121
	android:name
		ADDED from [:FtcCommon-release:] AndroidManifest.xml:32:25-118
activity#com.qualcomm.ftccommon.configuration.FtcLoadFileActivity
ADDED from [:FtcCommon-release:] AndroidManifest.xml:37:9-47:20
	android:label
		ADDED from [:FtcCommon-release:] AndroidManifest.xml:41:13-55
	android:exported
		ADDED from [:FtcCommon-release:] AndroidManifest.xml:40:13-36
	android:configChanges
		ADDED from [:FtcCommon-release:] AndroidManifest.xml:39:13-59
	android:name
		ADDED from [:FtcCommon-release:] AndroidManifest.xml:38:13-84
intent-filter#android.intent.category.DEFAULT+com.qualcomm.ftccommon.configuration.FtcLoadFileActivity.intent.action.Launch
ADDED from [:FtcCommon-release:] AndroidManifest.xml:42:13-46:29
action#com.qualcomm.ftccommon.configuration.FtcLoadFileActivity.intent.action.Launch
ADDED from [:FtcCommon-release:] AndroidManifest.xml:43:17-120
	android:name
		ADDED from [:FtcCommon-release:] AndroidManifest.xml:43:25-117
activity#com.qualcomm.ftccommon.configuration.ConfigureFromTemplateActivity
ADDED from [:FtcCommon-release:] AndroidManifest.xml:48:9-58:20
	android:label
		ADDED from [:FtcCommon-release:] AndroidManifest.xml:52:13-70
	android:exported
		ADDED from [:FtcCommon-release:] AndroidManifest.xml:51:13-36
	android:configChanges
		ADDED from [:FtcCommon-release:] AndroidManifest.xml:50:13-59
	android:name
		ADDED from [:FtcCommon-release:] AndroidManifest.xml:49:13-94
intent-filter#android.intent.category.DEFAULT+com.qualcomm.ftccommon.configuration.ConfigureFromTemplateActivity.intent.action.Launch
ADDED from [:FtcCommon-release:] AndroidManifest.xml:53:13-57:29
action#com.qualcomm.ftccommon.configuration.ConfigureFromTemplateActivity.intent.action.Launch
ADDED from [:FtcCommon-release:] AndroidManifest.xml:54:17-130
	android:name
		ADDED from [:FtcCommon-release:] AndroidManifest.xml:54:25-127
activity#com.qualcomm.ftccommon.ViewLogsActivity
ADDED from [:FtcCommon-release:] AndroidManifest.xml:59:9-69:20
	android:label
		ADDED from [:FtcCommon-release:] AndroidManifest.xml:63:13-55
	android:exported
		ADDED from [:FtcCommon-release:] AndroidManifest.xml:62:13-36
	android:configChanges
		ADDED from [:FtcCommon-release:] AndroidManifest.xml:61:13-59
	android:name
		ADDED from [:FtcCommon-release:] AndroidManifest.xml:60:13-67
intent-filter#android.intent.category.DEFAULT+com.qualcomm.ftccommon.ViewLogsActivity.intent.action.Launch
ADDED from [:FtcCommon-release:] AndroidManifest.xml:64:13-68:29
action#com.qualcomm.ftccommon.ViewLogsActivity.intent.action.Launch
ADDED from [:FtcCommon-release:] AndroidManifest.xml:65:17-103
	android:name
		ADDED from [:FtcCommon-release:] AndroidManifest.xml:65:25-100
activity#com.qualcomm.ftccommon.configuration.FtcConfigurationActivity
ADDED from [:FtcCommon-release:] AndroidManifest.xml:70:9-74:20
	android:label
		ADDED from [:FtcCommon-release:] AndroidManifest.xml:73:13-45
	android:configChanges
		ADDED from [:FtcCommon-release:] AndroidManifest.xml:72:13-59
	android:name
		ADDED from [:FtcCommon-release:] AndroidManifest.xml:71:13-89
activity#com.qualcomm.ftccommon.configuration.FtcNewFileActivity
ADDED from [:FtcCommon-release:] AndroidManifest.xml:75:9-79:20
	android:label
		ADDED from [:FtcCommon-release:] AndroidManifest.xml:78:13-45
	android:configChanges
		ADDED from [:FtcCommon-release:] AndroidManifest.xml:77:13-59
	android:name
		ADDED from [:FtcCommon-release:] AndroidManifest.xml:76:13-83
activity#com.qualcomm.ftccommon.ConfigWifiDirectActivity
ADDED from [:FtcCommon-release:] AndroidManifest.xml:80:9-83:73
	android:label
		ADDED from [:FtcCommon-release:] AndroidManifest.xml:83:13-70
	android:exported
		ADDED from [:FtcCommon-release:] AndroidManifest.xml:82:13-36
	android:name
		ADDED from [:FtcCommon-release:] AndroidManifest.xml:81:13-75
activity#com.qualcomm.ftccommon.FtcWifiChannelSelectorActivity
ADDED from [:FtcCommon-release:] AndroidManifest.xml:84:9-93:20
	android:label
		ADDED from [:FtcCommon-release:] AndroidManifest.xml:87:13-73
	android:exported
		ADDED from [:FtcCommon-release:] AndroidManifest.xml:86:13-36
	android:name
		ADDED from [:FtcCommon-release:] AndroidManifest.xml:85:13-81
intent-filter#android.intent.category.DEFAULT+com.qualcomm.ftccommon.FtcWifiChannelSelectorActivity.intent.action.Launch
ADDED from [:FtcCommon-release:] AndroidManifest.xml:88:13-92:29
action#com.qualcomm.ftccommon.FtcWifiChannelSelectorActivity.intent.action.Launch
ADDED from [:FtcCommon-release:] AndroidManifest.xml:89:17-117
	android:name
		ADDED from [:FtcCommon-release:] AndroidManifest.xml:89:25-114
activity#com.qualcomm.ftccommon.AboutActivity
ADDED from [:FtcCommon-release:] AndroidManifest.xml:94:9-102:20
	android:label
		ADDED from [:FtcCommon-release:] AndroidManifest.xml:96:13-51
	android:name
		ADDED from [:FtcCommon-release:] AndroidManifest.xml:95:13-64
intent-filter#android.intent.category.DEFAULT+com.qualcomm.ftccommon.configuration.AboutActivity.intent.action.Launch
ADDED from [:FtcCommon-release:] AndroidManifest.xml:97:13-101:29
action#com.qualcomm.ftccommon.configuration.AboutActivity.intent.action.Launch
ADDED from [:FtcCommon-release:] AndroidManifest.xml:98:17-114
	android:name
		ADDED from [:FtcCommon-release:] AndroidManifest.xml:98:25-111
activity#com.qualcomm.ftccommon.configuration.EditSwapUsbDevices
ADDED from [:FtcCommon-release:] AndroidManifest.xml:103:9-108:20
	android:label
		ADDED from [:FtcCommon-release:] AndroidManifest.xml:106:13-63
	android:windowSoftInputMode
		ADDED from [:FtcCommon-release:] AndroidManifest.xml:107:13-54
	android:configChanges
		ADDED from [:FtcCommon-release:] AndroidManifest.xml:105:13-59
	android:name
		ADDED from [:FtcCommon-release:] AndroidManifest.xml:104:13-83
activity#com.qualcomm.ftccommon.configuration.EditMotorControllerActivity
ADDED from [:FtcCommon-release:] AndroidManifest.xml:109:9-114:20
	android:label
		ADDED from [:FtcCommon-release:] AndroidManifest.xml:112:13-67
	android:windowSoftInputMode
		ADDED from [:FtcCommon-release:] AndroidManifest.xml:113:13-54
	android:configChanges
		ADDED from [:FtcCommon-release:] AndroidManifest.xml:111:13-59
	android:name
		ADDED from [:FtcCommon-release:] AndroidManifest.xml:110:13-92
activity#com.qualcomm.ftccommon.configuration.EditMotorListActivity
ADDED from [:FtcCommon-release:] AndroidManifest.xml:115:9-120:20
	android:label
		ADDED from [:FtcCommon-release:] AndroidManifest.xml:118:13-67
	android:windowSoftInputMode
		ADDED from [:FtcCommon-release:] AndroidManifest.xml:119:13-54
	android:configChanges
		ADDED from [:FtcCommon-release:] AndroidManifest.xml:117:13-59
	android:name
		ADDED from [:FtcCommon-release:] AndroidManifest.xml:116:13-86
activity#com.qualcomm.ftccommon.configuration.EditServoControllerActivity
ADDED from [:FtcCommon-release:] AndroidManifest.xml:121:9-126:20
	android:label
		ADDED from [:FtcCommon-release:] AndroidManifest.xml:124:13-67
	android:windowSoftInputMode
		ADDED from [:FtcCommon-release:] AndroidManifest.xml:125:13-67
	android:configChanges
		ADDED from [:FtcCommon-release:] AndroidManifest.xml:123:13-59
	android:name
		ADDED from [:FtcCommon-release:] AndroidManifest.xml:122:13-92
activity#com.qualcomm.ftccommon.configuration.EditServoListActivity
ADDED from [:FtcCommon-release:] AndroidManifest.xml:127:9-132:20
	android:label
		ADDED from [:FtcCommon-release:] AndroidManifest.xml:130:13-67
	android:windowSoftInputMode
		ADDED from [:FtcCommon-release:] AndroidManifest.xml:131:13-67
	android:configChanges
		ADDED from [:FtcCommon-release:] AndroidManifest.xml:129:13-59
	android:name
		ADDED from [:FtcCommon-release:] AndroidManifest.xml:128:13-86
activity#com.qualcomm.ftccommon.configuration.EditLegacyModuleControllerActivity
ADDED from [:FtcCommon-release:] AndroidManifest.xml:133:9-138:20
	android:label
		ADDED from [:FtcCommon-release:] AndroidManifest.xml:136:13-75
	android:windowSoftInputMode
		ADDED from [:FtcCommon-release:] AndroidManifest.xml:137:13-67
	android:configChanges
		ADDED from [:FtcCommon-release:] AndroidManifest.xml:135:13-59
	android:name
		ADDED from [:FtcCommon-release:] AndroidManifest.xml:134:13-99
activity#com.qualcomm.ftccommon.configuration.EditMatrixControllerActivity
ADDED from [:FtcCommon-release:] AndroidManifest.xml:139:9-144:20
	android:label
		ADDED from [:FtcCommon-release:] AndroidManifest.xml:142:13-68
	android:windowSoftInputMode
		ADDED from [:FtcCommon-release:] AndroidManifest.xml:143:13-67
	android:configChanges
		ADDED from [:FtcCommon-release:] AndroidManifest.xml:141:13-59
	android:name
		ADDED from [:FtcCommon-release:] AndroidManifest.xml:140:13-93
activity#com.qualcomm.ftccommon.configuration.EditDeviceInterfaceModuleActivity
ADDED from [:FtcCommon-release:] AndroidManifest.xml:145:9-150:20
	android:label
		ADDED from [:FtcCommon-release:] AndroidManifest.xml:148:13-90
	android:windowSoftInputMode
		ADDED from [:FtcCommon-release:] AndroidManifest.xml:149:13-67
	android:configChanges
		ADDED from [:FtcCommon-release:] AndroidManifest.xml:147:13-59
	android:name
		ADDED from [:FtcCommon-release:] AndroidManifest.xml:146:13-98
activity#com.qualcomm.ftccommon.configuration.EditPWMDevicesActivity
ADDED from [:FtcCommon-release:] AndroidManifest.xml:151:9-156:20
	android:label
		ADDED from [:FtcCommon-release:] AndroidManifest.xml:154:13-62
	android:windowSoftInputMode
		ADDED from [:FtcCommon-release:] AndroidManifest.xml:155:13-67
	android:configChanges
		ADDED from [:FtcCommon-release:] AndroidManifest.xml:153:13-59
	android:name
		ADDED from [:FtcCommon-release:] AndroidManifest.xml:152:13-87
activity#com.qualcomm.ftccommon.configuration.EditAnalogInputDevicesActivity
ADDED from [:FtcCommon-release:] AndroidManifest.xml:157:9-162:20
	android:label
		ADDED from [:FtcCommon-release:] AndroidManifest.xml:160:13-71
	android:windowSoftInputMode
		ADDED from [:FtcCommon-release:] AndroidManifest.xml:161:13-67
	android:configChanges
		ADDED from [:FtcCommon-release:] AndroidManifest.xml:159:13-59
	android:name
		ADDED from [:FtcCommon-release:] AndroidManifest.xml:158:13-95
activity#com.qualcomm.ftccommon.configuration.EditDigitalDevicesActivity
ADDED from [:FtcCommon-release:] AndroidManifest.xml:163:9-168:20
	android:label
		ADDED from [:FtcCommon-release:] AndroidManifest.xml:166:13-66
	android:windowSoftInputMode
		ADDED from [:FtcCommon-release:] AndroidManifest.xml:167:13-67
	android:configChanges
		ADDED from [:FtcCommon-release:] AndroidManifest.xml:165:13-59
	android:name
		ADDED from [:FtcCommon-release:] AndroidManifest.xml:164:13-91
activity#com.qualcomm.ftccommon.configuration.EditI2cDevicesActivity
ADDED from [:FtcCommon-release:] AndroidManifest.xml:169:9-174:20
	android:label
		ADDED from [:FtcCommon-release:] AndroidManifest.xml:172:13-62
	android:windowSoftInputMode
		ADDED from [:FtcCommon-release:] AndroidManifest.xml:173:13-67
	android:configChanges
		ADDED from [:FtcCommon-release:] AndroidManifest.xml:171:13-59
	android:name
		ADDED from [:FtcCommon-release:] AndroidManifest.xml:170:13-87
activity#com.qualcomm.ftccommon.configuration.EditAnalogOutputDevicesActivity
ADDED from [:FtcCommon-release:] AndroidManifest.xml:175:9-180:20
	android:label
		ADDED from [:FtcCommon-release:] AndroidManifest.xml:178:13-72
	android:windowSoftInputMode
		ADDED from [:FtcCommon-release:] AndroidManifest.xml:179:13-67
	android:configChanges
		ADDED from [:FtcCommon-release:] AndroidManifest.xml:177:13-59
	android:name
		ADDED from [:FtcCommon-release:] AndroidManifest.xml:176:13-96
uses-library#android.test.runner
ADDED from [:Analytics-release:] AndroidManifest.xml:23:9-60
	android:name
		ADDED from [:Analytics-release:] AndroidManifest.xml:23:23-57